Using pre-set license
Built from '2020.3/staging' branch; Version is '2020.3.10f1 (297d780c91bc) revision 2719096'; Using compiler version '192528614'; Build Type 'Release'
OS: 'Windows 10 Home Single Language; OS build 19042.928; Version 2009; 64bit' Language: 'ru' Physical Memory: 8049 MB
BatchMode: 1, IsHumanControllingUs: 0, StartBugReporterOnCrash: 0, Is64bit: 1, IsPro: 0

 COMMAND LINE ARGUMENTS:
C:\Program Files\Unity\Hub\Editor\2020.3.10f1\Editor\Unity.exe
-adb2
-batchMode
-noUpm
-name
AssetImportWorker0
-projectPath
C:/Users/Лев/Desktop/PlaneEscape
-logFile
Logs/AssetImportWorker0.log
-srvPort
51291
Successfully changed project path to: C:/Users/Лев/Desktop/PlaneEscape
C:/Users/Лев/Desktop/PlaneEscape
Using Asset Import Pipeline V2.
Refreshing native plugins compatible for Editor in 59.72 ms, found 3 plugins.
Preloading 0 native plugins for Editor in 0.00 ms.
Initialize engine version: 2020.3.10f1 (297d780c91bc)
[Subsystems] Discovering subsystems at path C:/Program Files/Unity/Hub/Editor/2020.3.10f1/Editor/Data/Resources/UnitySubsystems
[Subsystems] Discovering subsystems at path C:/Users/Лев/Desktop/PlaneEscape/Assets
GfxDevice: creating device client; threaded=0
Direct3D:
    Version:  Direct3D 11.0 [level 11.1]
    Renderer: Intel(R) UHD Graphics 620 (ID=0x5917)
    Vendor:   
    VRAM:     4024 MB
    Driver:   27.20.100.8477
Initialize mono
Mono path[0] = 'C:/Program Files/Unity/Hub/Editor/2020.3.10f1/Editor/Data/Managed'
Mono path[1] = 'C:/Program Files/Unity/Hub/Editor/2020.3.10f1/Editor/Data/MonoBleedingEdge/lib/mono/unityjit'
Mono config path = 'C:/Program Files/Unity/Hub/Editor/2020.3.10f1/Editor/Data/MonoBleedingEdge/etc'
Using monoOptions --debugger-agent=transport=dt_socket,embedding=1,server=y,suspend=n,address=127.0.0.1:56576
Begin MonoManager ReloadAssembly
Registering precompiled unity dll's ...
Register platform support module: C:/Program Files/Unity/Hub/Editor/2020.3.10f1/Editor/Data/PlaybackEngines/WindowsStandaloneSupport/UnityEditor.WindowsStandalone.Extensions.dll
Registered in 0.002948 seconds.
Native extension for WindowsStandalone target not found
Refreshing native plugins compatible for Editor in 42.67 ms, found 3 plugins.
Preloading 0 native plugins for Editor in 0.00 ms.
Mono: successfully reloaded assembly
- Completed reload, in  1.434 seconds
Platform modules already initialized, skipping
Registering precompiled user dll's ...
Registered in 0.006660 seconds.
Begin MonoManager ReloadAssembly
Native extension for WindowsStandalone target not found
Refreshing native plugins compatible for Editor in 41.19 ms, found 3 plugins.
Preloading 0 native plugins for Editor in 0.00 ms.
Mono: successfully reloaded assembly
- Completed reload, in  1.341 seconds
Platform modules already initialized, skipping
========================================================================
Worker process is ready to serve import requests
Launched and connected shader compiler UnityShaderCompiler.exe after 0.05 seconds
Refreshing native plugins compatible for Editor in 0.54 ms, found 3 plugins.
Preloading 0 native plugins for Editor in 0.00 ms.
Unloading 2081 Unused Serialized files (Serialized files now loaded: 0)
System memory in use before: 92.9 MB.
System memory in use after: 93.0 MB.

Unloading 28 unused Assets to reduce memory usage. Loaded Objects now: 2521.
Total: 2.941500 ms (FindLiveObjects: 0.280300 ms CreateObjectMapping: 0.090400 ms MarkObjects: 2.491000 ms  DeleteObjects: 0.078500 ms)

========================================================================
Received Prepare
Refreshing native plugins compatible for Editor in 5.05 ms, found 3 plugins.
Preloading 0 native plugins for Editor in 0.00 ms.
Unloading 14 Unused Serialized files (Serialized files now loaded: 0)
System memory in use before: 51.5 MB.
System memory in use after: 51.7 MB.

Unloading 14 unused Assets to reduce memory usage. Loaded Objects now: 2521.
Total: 2.857000 ms (FindLiveObjects: 0.277200 ms CreateObjectMapping: 0.082100 ms MarkObjects: 2.476200 ms  DeleteObjects: 0.020400 ms)

========================================================================
Received Import Request.
  path: Assets/Scenes/SampleScene.unity
  artifactKey: Guid(2cda990e2423bbf4892e6590ba056729) Importer(815301076,1909f56bfc062723c751e8b465ee728b)
Start importing Assets/Scenes/SampleScene.unity using Guid(2cda990e2423bbf4892e6590ba056729) Importer(815301076,1909f56bfc062723c751e8b465ee728b)  -> (artifact id: '9df20fa1541766cc2cb3cdb546622f35') in 0.152106 seconds
  Import took 0.159847 seconds .

========================================================================
Received Import Request.
  Time since last request: 0.130494 seconds.
  path: Assets/Scenes/SampleScene.unity
  artifactKey: Guid(2cda990e2423bbf4892e6590ba056729) Importer(815301076,1909f56bfc062723c751e8b465ee728b)
Start importing Assets/Scenes/SampleScene.unity using Guid(2cda990e2423bbf4892e6590ba056729) Importer(815301076,1909f56bfc062723c751e8b465ee728b)  -> (artifact id: '9df20fa1541766cc2cb3cdb546622f35') in 0.014495 seconds
  Import took 0.021653 seconds .

========================================================================
Received Import Request.
  Time since last request: 72.585631 seconds.
  path: Assets/Scripts/PlayerController.cs
  artifactKey: Guid(c672dec401e32db469ef3a6d6e1ddbe9) Importer(815301076,1909f56bfc062723c751e8b465ee728b)
Start importing Assets/Scripts/PlayerController.cs using Guid(c672dec401e32db469ef3a6d6e1ddbe9) Importer(815301076,1909f56bfc062723c751e8b465ee728b)  -> (artifact id: '32029cd7dd95f81f91d1f9b5f997459e') in 0.096170 seconds
  Import took 0.108095 seconds .

========================================================================
Received Import Request.
  Time since last request: 0.002483 seconds.
  path: Assets/Scripts/PlayerController.cs
  artifactKey: Guid(c672dec401e32db469ef3a6d6e1ddbe9) Importer(815301076,1909f56bfc062723c751e8b465ee728b)
Start importing Assets/Scripts/PlayerController.cs using Guid(c672dec401e32db469ef3a6d6e1ddbe9) Importer(815301076,1909f56bfc062723c751e8b465ee728b)  -> (artifact id: '32029cd7dd95f81f91d1f9b5f997459e') in 0.019446 seconds
  Import took 0.036182 seconds .

========================================================================
Received Prepare
Registering precompiled user dll's ...
Registered in 0.006766 seconds.
Begin MonoManager ReloadAssembly
Native extension for WindowsStandalone target not found
Refreshing native plugins compatible for Editor in 0.68 ms, found 3 plugins.
Preloading 0 native plugins for Editor in 0.00 ms.
Mono: successfully reloaded assembly
- Completed reload, in  3.342 seconds
Platform modules already initialized, skipping
Refreshing native plugins compatible for Editor in 1.10 ms, found 3 plugins.
Preloading 0 native plugins for Editor in 0.00 ms.
Unloading 2071 Unused Serialized files (Serialized files now loaded: 0)
System memory in use before: 92.4 MB.
System memory in use after: 92.5 MB.

Unloading 16 unused Assets to reduce memory usage. Loaded Objects now: 2525.
Total: 5.026200 ms (FindLiveObjects: 0.406000 ms CreateObjectMapping: 0.204700 ms MarkObjects: 4.379100 ms  DeleteObjects: 0.034000 ms)

AssetImportWorkerClient::OnTransportError - code=2 error=End of file
